#1 [internal] load build definition from Dockerfile
#1 sha256:a88361b868b1e2443975b668dfc24d2fcafcff9f81f2415aae61ac950864b7f7
#1 transferring dockerfile: 2.46kB 0.0s done
#1 DONE 0.1s

#2 [internal] load .dockerignore
#2 sha256:ce074f1beadfb78948474debc69169f28fea581cecf0dec6a7bc1760cd2a10bc
#2 transferring context: 34B done
#2 DONE 0.0s

#3 [internal] load metadata for docker.io/library/node:latest
#3 sha256:7ffcf5f970c2473cc8d1238c997b3fc16bfe70c4c12459eff409e1d95714f545
#3 ...

#4 [auth] library/node:pull token for registry-1.docker.io
#4 sha256:f79efaf6225625c913cae7ad1e52a724362cd02ffd998515ce55b6f6ef8f741f
#4 DONE 0.0s

#3 [internal] load metadata for docker.io/library/node:latest
#3 sha256:7ffcf5f970c2473cc8d1238c997b3fc16bfe70c4c12459eff409e1d95714f545
#3 DONE 1.4s

#5 [ 1/26] FROM docker.io/library/node:latest@sha256:eee19816ad7ae65dbcac037629c355fa4b369d163a660bc9718df8f945e79eeb
#5 sha256:5d2aa3c29ae2ddc85e70dffafdef9a3ac01172d529ee806045182fc37eaeb5dd
#5 resolve docker.io/library/node:latest@sha256:eee19816ad7ae65dbcac037629c355fa4b369d163a660bc9718df8f945e79eeb done
#5 DONE 0.0s

#6 [ 2/26] RUN apt-key adv --keyserver keyserver.ubuntu.com --recv-keys E298A3A825C0D65DFD57CBB651716619E084DAB9
#6 sha256:a4a41d8570289e06b5b28bc2a50017a4ce807fd0f128207fdbffa1d8a8308080
#6 CACHED

#28 [internal] load build context
#28 sha256:510530cfd3056a9b36c9da42cd95410f43dc212df6a273b7987c6b4db1d7f6d7
#28 transferring context: 5.00kB 0.0s done
#28 DONE 0.0s

#7 [ 3/26] RUN add-apt-repository 'deb https://cloud.r-project.org/bin/linux/*ubuntu focal-cran40/*'
#7 sha256:b3d8ccfb4746c1e35763b076a01258517c8e946f7ed02a7d51cdbf7df1f0826b
#7 1.243 /bin/sh: 1: add-apt-repository: not found
#7 ERROR: executor failed running [/bin/sh -c add-apt-repository 'deb https://cloud.r-project.org/bin/linux/*ubuntu focal-cran40/*']: exit code: 127
------
 > [ 3/26] RUN add-apt-repository 'deb https://cloud.r-project.org/bin/linux/*ubuntu focal-cran40/*':
------
executor failed running [/bin/sh -c add-apt-repository 'deb https://cloud.r-project.org/bin/linux/*ubuntu focal-cran40/*']: exit code: 127
